{
  "RSpec": {
    "coverage": {
      "/Users/kalle/Desktop/dream-team/config/environment.rb": [
        null,
        1,
        null,
        null,
        1
      ],
      "/Users/kalle/Desktop/dream-team/config/application.rb": [
        1,
        null,
        1,
        null,
        null,
        null,
        1,
        null,
        1,
        1,
        1,
        null,
        null,
        null,
        null,
        null,
        null,
        null,
        null,
        null,
        null,
        null,
        null,
        null
      ],
      "/Users/kalle/Desktop/dream-team/config/boot.rb": [
        null,
        1,
        null,
        1
      ],
      "/Users/kalle/Desktop/dream-team/config/environments/test.rb": [
        1,
        null,
        null,
        null,
        null,
        null,
        null,
        1,
        null,
        null,
        null,
        null,
        1,
        null,
        null,
        1,
        1,
        null,
        null,
        1,
        1,
        null,
        null,
        1,
        null,
        null,
        1,
        null,
        null,
        null,
        null,
        1,
        null,
        null,
        1,
        null
      ],
      "/Users/kalle/Desktop/dream-team/config/initializers/backtrace_silencers.rb": [
        null,
        null,
        null,
        null,
        null,
        null,
        null
      ],
      "/Users/kalle/Desktop/dream-team/config/initializers/filter_parameter_logging.rb": [
        null,
        null,
        null,
        1
      ],
      "/Users/kalle/Desktop/dream-team/config/initializers/inflections.rb": [
        null,
        null,
        null,
        null,
        null,
        null,
        null,
        null,
        null,
        null,
        null,
        null,
        null,
        null,
        null,
        null
      ],
      "/Users/kalle/Desktop/dream-team/config/initializers/mime_types.rb": [
        null,
        null,
        null,
        null,
        null
      ],
      "/Users/kalle/Desktop/dream-team/config/initializers/secret_token.rb": [
        null,
        null,
        null,
        null,
        null,
        null,
        null,
        null,
        null,
        null,
        null,
        1
      ],
      "/Users/kalle/Desktop/dream-team/config/initializers/session_store.rb": [
        null,
        null,
        1
      ],
      "/Users/kalle/Desktop/dream-team/config/initializers/wrap_parameters.rb": [
        null,
        null,
        null,
        null,
        null,
        null,
        1,
        1,
        null,
        null,
        null,
        null,
        null,
        null
      ],
      "/Users/kalle/Desktop/dream-team/spec/factories.rb": [
        1,
        1,
        1,
        1,
        null,
        null,
        null,
        1,
        1,
        1,
        null,
        null,
        null
      ],
      "/Users/kalle/Desktop/dream-team/config/routes.rb": [
        1,
        1,
        null,
        1,
        null,
        null,
        null,
        null,
        null,
        null,
        null,
        null,
        null,
        null,
        null,
        null,
        null,
        null,
        null,
        null,
        null,
        null,
        null,
        null,
        null,
        null,
        null,
        null,
        null,
        null,
        null,
        1,
        1,
        null,
        null,
        null,
        null,
        null,
        null,
        null,
        null,
        null,
        null,
        null,
        null,
        null,
        null,
        null,
        null,
        null,
        null,
        null,
        null,
        null,
        null,
        null,
        null,
        null,
        null,
        null,
        null
      ],
      "/Users/kalle/Desktop/dream-team/app/helpers/application_helper.rb": [
        1,
        null
      ],
      "/Users/kalle/Desktop/dream-team/app/helpers/reference_attributes_helper.rb": [
        1,
        null
      ],
      "/Users/kalle/Desktop/dream-team/app/helpers/references_helper.rb": [
        1,
        null
      ],
      "/Users/kalle/Desktop/dream-team/spec/features/reference_page_spec.rb": [
        1,
        null,
        1,
        1,
        1,
        null,
        null,
        null,
        1,
        2,
        2,
        null,
        null,
        1,
        1,
        null,
        1,
        null,
        1,
        1,
        1,
        1,
        null,
        1,
        1,
        null,
        1,
        null,
        null,
        1,
        1,
        null,
        1,
        null,
        1,
        1,
        1,
        1,
        1,
        null,
        1,
        null,
        1,
        null,
        null,
        1,
        2,
        null,
        null,
        1,
        1,
        null,
        null
      ],
      "/Users/kalle/Desktop/dream-team/spec/lib/bibtex_generator_spec.rb": [
        1,
        null,
        1,
        null,
        1,
        1,
        1,
        1,
        null,
        null,
        null,
        1,
        null,
        null
      ],
      "/Users/kalle/Desktop/dream-team/lib/bibtex_generator.rb": [
        1,
        1,
        null,
        1,
        2,
        2,
        1,
        null,
        2,
        null,
        null,
        1,
        1,
        1,
        1,
        4,
        4,
        null,
        1,
        1,
        null,
        null,
        null
      ],
      "/Users/kalle/Desktop/dream-team/spec/models/reference_attribute_spec.rb": [
        1,
        null,
        1,
        null
      ],
      "/Users/kalle/Desktop/dream-team/app/models/reference_attribute.rb": [
        1,
        1,
        1,
        1,
        null
      ],
      "/Users/kalle/Desktop/dream-team/spec/models/reference_spec.rb": [
        1,
        null,
        1,
        1,
        1,
        1,
        null,
        null,
        1,
        1,
        1,
        1,
        null,
        null,
        1,
        1,
        1,
        null,
        null,
        null,
        null,
        1,
        null,
        null,
        1,
        1,
        3,
        3,
        3,
        3,
        null,
        null,
        null,
        1,
        1,
        1,
        1,
        1,
        null,
        null,
        null
      ],
      "/Users/kalle/Desktop/dream-team/app/models/reference.rb": [
        1,
        1,
        1,
        1,
        1,
        1,
        null,
        1,
        1,
        null,
        null,
        1,
        4,
        null,
        null,
        1,
        4,
        null,
        null,
        1,
        1,
        null,
        null,
        1,
        9,
        null,
        null,
        1,
        null,
        1,
        4,
        0,
        null,
        null,
        null,
        1,
        16,
        1,
        null,
        null,
        null,
        1,
        0,
        0,
        null,
        null,
        null
      ],
      "/Users/kalle/Desktop/dream-team/app/models/book_reference.rb": [
        1,
        1,
        null,
        1,
        4,
        null,
        null,
        1,
        9,
        null,
        null
      ],
      "/Users/kalle/Desktop/dream-team/app/models/article_reference.rb": [
        1,
        1,
        null,
        1,
        2,
        null,
        null,
        1,
        4,
        null,
        null
      ],
      "/Users/kalle/Desktop/dream-team/app/models/inproceedings_reference.rb": [
        1,
        1,
        null,
        1,
        2,
        null,
        null,
        1,
        4,
        null,
        null
      ],
      "/Users/kalle/Desktop/dream-team/app/controllers/references_controller.rb": [
        1,
        1,
        null,
        1,
        1,
        null,
        null,
        null,
        1,
        1,
        null,
        null,
        null,
        null,
        1,
        null,
        null,
        null,
        1,
        2,
        null,
        null,
        null,
        1,
        null,
        null,
        null,
        null,
        1,
        2,
        2,
        2,
        2,
        1,
        null,
        1,
        null,
        null,
        null,
        null,
        null,
        1,
        0,
        0,
        0,
        0,
        null,
        0,
        0,
        null,
        null,
        null,
        null,
        null,
        null,
        1,
        0,
        0,
        0,
        0,
        null,
        null,
        null,
        1,
        1,
        1,
        1,
        null,
        null,
        1,
        null,
        1,
        2,
        8,
        8,
        null,
        null,
        null,
        1,
        4,
        4,
        4,
        4,
        null,
        null,
        1,
        1,
        null,
        null,
        null,
        1,
        2,
        null,
        null
      ],
      "/Users/kalle/Desktop/dream-team/app/controllers/application_controller.rb": [
        1,
        null,
        null,
        1,
        null
      ]
    },
    "timestamp": 1396452581
  }
}
